25-12-2024 02:23:40 info: Database pool created successfully
25-12-2024 02:23:40 info: ✅ Database connected successfully
25-12-2024 04:27:57 info: Database pool connections closed
25-12-2024 04:28:04 info: Database pool created successfully
25-12-2024 04:28:04 info: ✅ Database connected successfully
25-12-2024 04:42:29 error: Application Error Không tìm thấy đường dẫn: /public/css/style.css
25-12-2024 04:42:41 error: Application Error Không tìm thấy đường dẫn: /public/css/style.css
25-12-2024 04:48:53 error: Application Error Không tìm thấy đường dẫn: /public/css/style.css
25-12-2024 04:58:30 error: Application Error Không tìm thấy đường dẫn: /public/css/style.css
25-12-2024 05:04:08 error: Application Error Không tìm thấy đường dẫn: /public/css/style.css
25-12-2024 05:04:08 error: Application Error Không tìm thấy đường dẫn: /public/images/logo.png
25-12-2024 05:04:18 error: Application Error Không tìm thấy đường dẫn: /public/css/style.css
25-12-2024 05:04:18 error: Application Error Không tìm thấy đường dẫn: /public/images/logo.png
25-12-2024 05:04:28 error: Application Error Không tìm thấy đường dẫn: /public/css/style.css
25-12-2024 05:04:28 error: Application Error Không tìm thấy đường dẫn: /public/images/logo.png
25-12-2024 05:08:09 error: Application Error Không tìm thấy đường dẫn: /public/css/style.css
25-12-2024 05:08:09 error: Application Error Không tìm thấy đường dẫn: /public/images/logo.png
25-12-2024 05:08:12 error: Application Error Không tìm thấy đường dẫn: /public/css/style.css
25-12-2024 05:08:12 error: Application Error Không tìm thấy đường dẫn: /public/images/logo.png
25-12-2024 05:08:16 error: Application Error Không tìm thấy đường dẫn: /public/css/style.css
25-12-2024 05:08:16 error: Application Error Không tìm thấy đường dẫn: /public/images/logo.png
25-12-2024 05:12:26 error: Application Error Không tìm thấy đường dẫn: /public/css/style.css
25-12-2024 05:12:26 error: Application Error Không tìm thấy đường dẫn: /public/images/logo.png
25-12-2024 05:27:17 error: Application Error Không tìm thấy đường dẫn: /public/css/style.css
25-12-2024 05:27:17 error: Application Error Không tìm thấy đường dẫn: /public/images/logo.png
25-12-2024 05:27:29 error: Application Error Không tìm thấy đường dẫn: /public/css/style.css
25-12-2024 05:27:29 error: Application Error Không tìm thấy đường dẫn: /public/images/logo.png
25-12-2024 05:38:32 info: Database pool connections closed
25-12-2024 05:39:37 info: Database pool created successfully
25-12-2024 05:39:37 info: ✅ Database connected successfully
25-12-2024 05:39:42 error: Application Error Không tìm thấy đường dẫn: /src/public/css/style.css
25-12-2024 05:39:42 error: Application Error Không tìm thấy đường dẫn: /public/images/logo.png
25-12-2024 05:40:07 error: Application Error Không tìm thấy đường dẫn: /src/public/css/style.css
25-12-2024 05:40:07 error: Application Error Không tìm thấy đường dẫn: /src/public/images/logo.png
25-12-2024 05:40:58 info: Database pool connections closed
25-12-2024 05:41:00 info: Database pool created successfully
25-12-2024 05:41:00 info: ✅ Database connected successfully
25-12-2024 05:41:10 error: Application Error Không tìm thấy đường dẫn: /src/public/css/style.css
25-12-2024 05:41:10 error: Application Error Không tìm thấy đường dẫn: /src/public/images/logo.png
25-12-2024 05:42:14 info: Database pool connections closed
25-12-2024 05:42:16 info: Database pool created successfully
25-12-2024 05:42:16 info: ✅ Database connected successfully
25-12-2024 05:42:23 error: Application Error Không tìm thấy đường dẫn: /public/images/logo.png
25-12-2024 05:42:23 error: Application Error Không tìm thấy đường dẫn: /public/css/style.css
25-12-2024 05:43:18 error: Application Error Không tìm thấy đường dẫn: /public/images/logo.png
25-12-2024 05:43:25 info: Database pool connections closed
25-12-2024 05:43:30 info: Database pool created successfully
25-12-2024 05:43:30 info: ✅ Database connected successfully
25-12-2024 05:43:34 error: Application Error Không tìm thấy đường dẫn: /public/images/logo.png
25-12-2024 05:43:57 info: Database pool connections closed
25-12-2024 05:44:00 info: Database pool created successfully
25-12-2024 05:44:00 info: ✅ Database connected successfully
25-12-2024 05:44:15 info: Database pool connections closed
25-12-2024 05:44:21 info: Database pool created successfully
25-12-2024 05:44:21 info: ✅ Database connected successfully
