23-12-2024 12:57:39 error: Application Error Cannot find module 'ejs'
Require stack:
- /home/levi/Workspaces/Web/News_WebApp/node_modules/express/lib/view.js
- /home/levi/Workspaces/Web/News_WebApp/node_modules/express/lib/application.js
- /home/levi/Workspaces/Web/News_WebApp/node_modules/express/lib/express.js
23-12-2024 12:57:56 error: Application Error Cannot find module 'ejs'
Require stack:
- /home/levi/Workspaces/Web/News_WebApp/node_modules/express/lib/view.js
- /home/levi/Workspaces/Web/News_WebApp/node_modules/express/lib/application.js
- /home/levi/Workspaces/Web/News_WebApp/node_modules/express/lib/express.js
23-12-2024 22:19:37 error: Application Error Cannot find module 'ejs'
Require stack:
- /home/levi/Workspaces/Web/News_WebApp/node_modules/express/lib/view.js
- /home/levi/Workspaces/Web/News_WebApp/node_modules/express/lib/application.js
- /home/levi/Workspaces/Web/News_WebApp/node_modules/express/lib/express.js
23-12-2024 22:19:43 error: Application Error Cannot find module 'ejs'
Require stack:
- /home/levi/Workspaces/Web/News_WebApp/node_modules/express/lib/view.js
- /home/levi/Workspaces/Web/News_WebApp/node_modules/express/lib/application.js
- /home/levi/Workspaces/Web/News_WebApp/node_modules/express/lib/express.js
23-12-2024 22:20:41 error: Application Error Cannot set headers after they are sent to the client
23-12-2024 22:20:57 error: Application Error Cannot set headers after they are sent to the client
23-12-2024 22:21:17 error: Application Error Cannot set headers after they are sent to the client
23-12-2024 22:23:27 error: Application Error Cannot set headers after they are sent to the client
23-12-2024 22:23:30 error: Application Error Cannot set headers after they are sent to the client
23-12-2024 22:23:32 error: Application Error Cannot set headers after they are sent to the client
23-12-2024 22:23:33 error: Application Error Cannot set headers after they are sent to the client
23-12-2024 22:23:39 error: Application Error Cannot set headers after they are sent to the client
24-12-2024 21:05:59 error: Application Error Cannot set headers after they are sent to the client
24-12-2024 21:05:59 error: Application Error Cannot set headers after they are sent to the client
24-12-2024 21:06:51 error: Application Error Cannot set headers after they are sent to the client
24-12-2024 21:06:57 error: Application Error Cannot set headers after they are sent to the client
24-12-2024 21:11:22 error: Application Error Cannot set headers after they are sent to the client
24-12-2024 21:11:27 error: Application Error Cannot set headers after they are sent to the client
24-12-2024 21:11:28 error: Application Error Cannot set headers after they are sent to the client
24-12-2024 21:11:29 error: Application Error Cannot set headers after they are sent to the client
24-12-2024 21:11:31 error: Application Error Cannot set headers after they are sent to the client
24-12-2024 21:11:34 error: Application Error Cannot set headers after they are sent to the client
24-12-2024 21:11:34 error: Application Error Cannot set headers after they are sent to the client
24-12-2024 21:11:38 error: Application Error Cannot set headers after they are sent to the client
24-12-2024 21:11:38 error: Application Error Cannot set headers after they are sent to the client
24-12-2024 21:11:42 error: Application Error Cannot set headers after they are sent to the client
24-12-2024 21:11:42 error: Application Error Cannot set headers after they are sent to the client
24-12-2024 21:19:21 error: Application Error Cannot set headers after they are sent to the client
24-12-2024 21:19:25 error: Application Error Cannot set headers after they are sent to the client
24-12-2024 21:23:06 error: Application Error Cannot set headers after they are sent to the client
24-12-2024 21:25:20 error: Application Error Cannot set headers after they are sent to the client
24-12-2024 21:25:20 error: Application Error Cannot set headers after they are sent to the client
24-12-2024 21:25:20 error: Application Error Cannot set headers after they are sent to the client
25-12-2024 04:42:29 error: Application Error Không tìm thấy đường dẫn: /public/css/style.css
25-12-2024 04:42:41 error: Application Error Không tìm thấy đường dẫn: /public/css/style.css
25-12-2024 04:48:53 error: Application Error Không tìm thấy đường dẫn: /public/css/style.css
25-12-2024 04:58:30 error: Application Error Không tìm thấy đường dẫn: /public/css/style.css
25-12-2024 05:04:08 error: Application Error Không tìm thấy đường dẫn: /public/css/style.css
25-12-2024 05:04:08 error: Application Error Không tìm thấy đường dẫn: /public/images/logo.png
25-12-2024 05:04:18 error: Application Error Không tìm thấy đường dẫn: /public/css/style.css
25-12-2024 05:04:18 error: Application Error Không tìm thấy đường dẫn: /public/images/logo.png
25-12-2024 05:04:28 error: Application Error Không tìm thấy đường dẫn: /public/css/style.css
25-12-2024 05:04:28 error: Application Error Không tìm thấy đường dẫn: /public/images/logo.png
25-12-2024 05:08:09 error: Application Error Không tìm thấy đường dẫn: /public/css/style.css
25-12-2024 05:08:09 error: Application Error Không tìm thấy đường dẫn: /public/images/logo.png
25-12-2024 05:08:12 error: Application Error Không tìm thấy đường dẫn: /public/css/style.css
25-12-2024 05:08:12 error: Application Error Không tìm thấy đường dẫn: /public/images/logo.png
25-12-2024 05:08:16 error: Application Error Không tìm thấy đường dẫn: /public/css/style.css
25-12-2024 05:08:16 error: Application Error Không tìm thấy đường dẫn: /public/images/logo.png
25-12-2024 05:12:26 error: Application Error Không tìm thấy đường dẫn: /public/css/style.css
25-12-2024 05:12:26 error: Application Error Không tìm thấy đường dẫn: /public/images/logo.png
25-12-2024 05:27:17 error: Application Error Không tìm thấy đường dẫn: /public/css/style.css
25-12-2024 05:27:17 error: Application Error Không tìm thấy đường dẫn: /public/images/logo.png
25-12-2024 05:27:29 error: Application Error Không tìm thấy đường dẫn: /public/css/style.css
25-12-2024 05:27:29 error: Application Error Không tìm thấy đường dẫn: /public/images/logo.png
25-12-2024 05:39:42 error: Application Error Không tìm thấy đường dẫn: /src/public/css/style.css
25-12-2024 05:39:42 error: Application Error Không tìm thấy đường dẫn: /public/images/logo.png
25-12-2024 05:40:07 error: Application Error Không tìm thấy đường dẫn: /src/public/css/style.css
25-12-2024 05:40:07 error: Application Error Không tìm thấy đường dẫn: /src/public/images/logo.png
25-12-2024 05:41:10 error: Application Error Không tìm thấy đường dẫn: /src/public/css/style.css
25-12-2024 05:41:10 error: Application Error Không tìm thấy đường dẫn: /src/public/images/logo.png
25-12-2024 05:42:23 error: Application Error Không tìm thấy đường dẫn: /public/images/logo.png
25-12-2024 05:42:23 error: Application Error Không tìm thấy đường dẫn: /public/css/style.css
25-12-2024 05:43:18 error: Application Error Không tìm thấy đường dẫn: /public/images/logo.png
25-12-2024 05:43:34 error: Application Error Không tìm thấy đường dẫn: /public/images/logo.png
