22-12-2024 20:20:51 error: uncaughtException: consoleFormat is not defined
ReferenceError: consoleFormat is not defined
    at file:///home/levi/Workspaces/Web/News_WebApp/src/utils/logger.js:95:17
    at ModuleJob.run (node:internal/modules/esm/module_job:234:25)
    at async ModuleLoader.import (node:internal/modules/esm/loader:473:24)
    at async asyncRunEntryPointWithESMLoader (node:internal/modules/run_main:122:5)
22-12-2024 22:08:54 error: uncaughtException: consoleFormat is not defined
ReferenceError: consoleFormat is not defined
    at file:///home/levi/Workspaces/Web/News_WebApp/src/utils/logger.js:95:17
    at ModuleJob.run (node:internal/modules/esm/module_job:234:25)
    at async ModuleLoader.import (node:internal/modules/esm/loader:473:24)
    at async asyncRunEntryPointWithESMLoader (node:internal/modules/run_main:122:5)
22-12-2024 22:08:59 error: uncaughtException: consoleFormat is not defined
ReferenceError: consoleFormat is not defined
    at file:///home/levi/Workspaces/Web/News_WebApp/src/utils/logger.js:95:17
    at ModuleJob.run (node:internal/modules/esm/module_job:234:25)
    at async ModuleLoader.import (node:internal/modules/esm/loader:473:24)
    at async asyncRunEntryPointWithESMLoader (node:internal/modules/run_main:122:5)
22-12-2024 22:09:04 error: uncaughtException: consoleFormat is not defined
ReferenceError: consoleFormat is not defined
    at file:///home/levi/Workspaces/Web/News_WebApp/src/utils/logger.js:95:17
    at ModuleJob.run (node:internal/modules/esm/module_job:234:25)
    at async ModuleLoader.import (node:internal/modules/esm/loader:473:24)
    at async asyncRunEntryPointWithESMLoader (node:internal/modules/run_main:122:5)
22-12-2024 22:09:08 error: uncaughtException: consoleFormat is not defined
ReferenceError: consoleFormat is not defined
    at file:///home/levi/Workspaces/Web/News_WebApp/src/utils/logger.js:95:17
    at ModuleJob.run (node:internal/modules/esm/module_job:234:25)
    at async ModuleLoader.import (node:internal/modules/esm/loader:473:24)
    at async asyncRunEntryPointWithESMLoader (node:internal/modules/run_main:122:5)
22-12-2024 22:14:25 error: uncaughtException: consoleFormat is not defined
ReferenceError: consoleFormat is not defined
    at file:///home/levi/Workspaces/Web/News_WebApp/src/utils/logger.js:95:17
    at ModuleJob.run (node:internal/modules/esm/module_job:234:25)
    at async ModuleLoader.import (node:internal/modules/esm/loader:473:24)
    at async asyncRunEntryPointWithESMLoader (node:internal/modules/run_main:122:5)
22-12-2024 22:14:31 error: uncaughtException: consoleFormat is not defined
ReferenceError: consoleFormat is not defined
    at file:///home/levi/Workspaces/Web/News_WebApp/src/utils/logger.js:95:17
    at ModuleJob.run (node:internal/modules/esm/module_job:234:25)
    at async ModuleLoader.import (node:internal/modules/esm/loader:473:24)
    at async asyncRunEntryPointWithESMLoader (node:internal/modules/run_main:122:5)
23-12-2024 11:43:09 error: uncaughtException: consoleFormat is not defined
ReferenceError: consoleFormat is not defined
    at file:///home/levi/Workspaces/Web/News_WebApp/src/utils/logger.js:95:17
    at ModuleJob.run (node:internal/modules/esm/module_job:234:25)
    at async ModuleLoader.import (node:internal/modules/esm/loader:473:24)
    at async asyncRunEntryPointWithESMLoader (node:internal/modules/run_main:122:5)
23-12-2024 11:46:34 error: uncaughtException: consoleFormat is not defined
ReferenceError: consoleFormat is not defined
    at file:///home/levi/Workspaces/Web/News_WebApp/src/utils/logger.js:95:17
    at ModuleJob.run (node:internal/modules/esm/module_job:234:25)
    at async ModuleLoader.import (node:internal/modules/esm/loader:473:24)
    at async asyncRunEntryPointWithESMLoader (node:internal/modules/run_main:122:5)
23-12-2024 11:46:38 error: uncaughtException: consoleFormat is not defined
ReferenceError: consoleFormat is not defined
    at file:///home/levi/Workspaces/Web/News_WebApp/src/utils/logger.js:95:17
    at ModuleJob.run (node:internal/modules/esm/module_job:234:25)
    at async ModuleLoader.import (node:internal/modules/esm/loader:473:24)
    at async asyncRunEntryPointWithESMLoader (node:internal/modules/run_main:122:5)
23-12-2024 11:47:32 error: uncaughtException: consoleFormat is not defined
ReferenceError: consoleFormat is not defined
    at file:///home/levi/Workspaces/Web/News_WebApp/src/utils/logger.js:95:17
    at ModuleJob.run (node:internal/modules/esm/module_job:234:25)
    at async ModuleLoader.import (node:internal/modules/esm/loader:473:24)
    at async asyncRunEntryPointWithESMLoader (node:internal/modules/run_main:122:5)
23-12-2024 11:53:13 error: uncaughtException: The "superCtor" argument must be of type function. Received undefined
TypeError [ERR_INVALID_ARG_TYPE]: The "superCtor" argument must be of type function. Received undefined
    at Object.inherits (node:util:327:11)
    at new module.exports (/home/levi/Workspaces/Web/News_WebApp/node_modules/express-mysql-session/index.js:42:7)
    at file:///home/levi/Workspaces/Web/News_WebApp/src/app.js:26:22
    at ModuleJob.run (node:internal/modules/esm/module_job:234:25)
    at async ModuleLoader.import (node:internal/modules/esm/loader:473:24)
    at async asyncRunEntryPointWithESMLoader (node:internal/modules/run_main:122:5)
